<?xml version="1.0" encoding="UTF-8"?>
<!-- Generated by org.testng.reporters.JUnitReportReporter -->
<testsuite hostname="vivobook-asuslaptop-x512flc-x512fl" failures="0" tests="1" name="com.test.Imaging_Quality.Datatest" time="1.201" errors="0" timestamp="2024-01-17T09:24:07 IST" skipped="0">
  <testcase classname="com.test.Imaging_Quality.Datatest" name="testDB" time="1.201"/>
  <system-out/>
</testsuite> <!-- com.test.Imaging_Quality.Datatest -->
