<?xml version="1.0" encoding="UTF-8"?>
<!-- Generated by org.testng.reporters.JUnitReportReporter -->
<testsuite hostname="vivobook-asuslaptop-x512flc-x512fl" failures="0" tests="1" name="com.test.Imaging_Quality.Datatest" time="0.487" errors="0" timestamp="2024-01-16T15:23:58 IST" skipped="0">
  <testcase classname="com.test.Imaging_Quality.Datatest" name="testDB" time="0.487"/>
  <system-out/>
</testsuite> <!-- com.test.Imaging_Quality.Datatest -->
